<?xml version="1.0" encoding="UTF-8"?>
<!-- Generated by org.testng.reporters.JUnitReportReporter -->
<testsuite skipped="0" hostname="LAPTOP-QVKC38NK" name="projectname.Demo" tests="1" failures="0" timestamp="2019-11-14T12:42:16 IST" time="0.000" errors="0">
  <testcase name="test" time="0.000" classname="projectname.Demo"/>
</testsuite> <!-- projectname.Demo -->
